INFO 2025-12-18 18:08:49,868 autoreload 39645 140313920912320 Watching for file changes with StatReloader
INFO 2025-12-18 18:08:49,868 autoreload 39645 140313920912320 Watching for file changes with StatReloader
INFO 2025-12-18 18:13:10,242 import_abramyan_for 42309 140480709110720 Handle started (1, 40, False)
INFO 2025-12-18 18:13:10,254 import_abramyan_for 42309 140480709110720 Problem created: for1
INFO 2025-12-18 18:13:10,256 import_abramyan_for 42309 140480709110720 Files attached: checkers, generator, solutions
INFO 2025-12-18 18:13:10,635 import_abramyan_for 42309 140480709110720 Connected problem into a BookProblem mmodel
INFO 2025-12-18 18:13:10,636 import_abramyan_for 42309 140480709110720 Successfully imported for1
INFO 2025-12-18 18:13:10,637 import_abramyan_for 42309 140480709110720 Problem created: for2
INFO 2025-12-18 18:13:10,637 import_abramyan_for 42309 140480709110720 Files attached: checkers, generator, solutions
INFO 2025-12-18 18:13:10,890 import_abramyan_for 42309 140480709110720 Connected problem into a BookProblem mmodel
INFO 2025-12-18 18:13:10,891 import_abramyan_for 42309 140480709110720 Successfully imported for2
INFO 2025-12-18 18:13:10,892 import_abramyan_for 42309 140480709110720 Problem created: for3
INFO 2025-12-18 18:13:10,893 import_abramyan_for 42309 140480709110720 Files attached: checkers, generator, solutions
INFO 2025-12-18 18:13:11,156 import_abramyan_for 42309 140480709110720 Connected problem into a BookProblem mmodel
INFO 2025-12-18 18:13:11,156 import_abramyan_for 42309 140480709110720 Successfully imported for3
INFO 2025-12-18 18:13:11,157 import_abramyan_for 42309 140480709110720 Problem created: for4
INFO 2025-12-18 18:13:11,158 import_abramyan_for 42309 140480709110720 Files attached: checkers, generator, solutions
INFO 2025-12-18 18:13:11,435 import_abramyan_for 42309 140480709110720 Connected problem into a BookProblem mmodel
INFO 2025-12-18 18:13:11,435 import_abramyan_for 42309 140480709110720 Successfully imported for4
INFO 2025-12-18 18:13:11,436 import_abramyan_for 42309 140480709110720 Problem created: for5
INFO 2025-12-18 18:13:11,437 import_abramyan_for 42309 140480709110720 Files attached: checkers, generator, solutions
INFO 2025-12-18 18:13:11,724 import_abramyan_for 42309 140480709110720 Connected problem into a BookProblem mmodel
INFO 2025-12-18 18:13:11,724 import_abramyan_for 42309 140480709110720 Successfully imported for5
INFO 2025-12-18 18:13:11,725 import_abramyan_for 42309 140480709110720 Problem created: for6
INFO 2025-12-18 18:13:11,726 import_abramyan_for 42309 140480709110720 Files attached: checkers, generator, solutions
INFO 2025-12-18 18:13:12,008 import_abramyan_for 42309 140480709110720 Connected problem into a BookProblem mmodel
INFO 2025-12-18 18:13:12,008 import_abramyan_for 42309 140480709110720 Successfully imported for6
INFO 2025-12-18 18:13:12,009 import_abramyan_for 42309 140480709110720 Problem created: for7
INFO 2025-12-18 18:13:12,010 import_abramyan_for 42309 140480709110720 Files attached: checkers, generator, solutions
INFO 2025-12-18 18:13:12,291 import_abramyan_for 42309 140480709110720 Connected problem into a BookProblem mmodel
INFO 2025-12-18 18:13:12,292 import_abramyan_for 42309 140480709110720 Successfully imported for7
INFO 2025-12-18 18:13:12,293 import_abramyan_for 42309 140480709110720 Problem created: for8
INFO 2025-12-18 18:13:12,293 import_abramyan_for 42309 140480709110720 Files attached: checkers, generator, solutions
INFO 2025-12-18 18:13:12,579 import_abramyan_for 42309 140480709110720 Connected problem into a BookProblem mmodel
INFO 2025-12-18 18:13:12,580 import_abramyan_for 42309 140480709110720 Successfully imported for8
INFO 2025-12-18 18:13:12,581 import_abramyan_for 42309 140480709110720 Problem created: for9
INFO 2025-12-18 18:13:12,582 import_abramyan_for 42309 140480709110720 Files attached: checkers, generator, solutions
INFO 2025-12-18 18:13:12,853 import_abramyan_for 42309 140480709110720 Connected problem into a BookProblem mmodel
INFO 2025-12-18 18:13:12,854 import_abramyan_for 42309 140480709110720 Successfully imported for9
INFO 2025-12-18 18:13:12,855 import_abramyan_for 42309 140480709110720 Problem created: for10
INFO 2025-12-18 18:13:12,856 import_abramyan_for 42309 140480709110720 Files attached: checkers, generator, solutions
INFO 2025-12-18 18:13:13,135 import_abramyan_for 42309 140480709110720 Connected problem into a BookProblem mmodel
INFO 2025-12-18 18:13:13,135 import_abramyan_for 42309 140480709110720 Successfully imported for10
INFO 2025-12-18 18:13:13,136 import_abramyan_for 42309 140480709110720 Problem created: for11
INFO 2025-12-18 18:13:13,137 import_abramyan_for 42309 140480709110720 Files attached: checkers, generator, solutions
INFO 2025-12-18 18:13:13,470 import_abramyan_for 42309 140480709110720 Connected problem into a BookProblem mmodel
INFO 2025-12-18 18:13:13,470 import_abramyan_for 42309 140480709110720 Successfully imported for11
INFO 2025-12-18 18:13:13,472 import_abramyan_for 42309 140480709110720 Problem created: for12
INFO 2025-12-18 18:13:13,473 import_abramyan_for 42309 140480709110720 Files attached: checkers, generator, solutions
INFO 2025-12-18 18:13:13,747 import_abramyan_for 42309 140480709110720 Connected problem into a BookProblem mmodel
INFO 2025-12-18 18:13:13,747 import_abramyan_for 42309 140480709110720 Successfully imported for12
INFO 2025-12-18 18:13:13,748 import_abramyan_for 42309 140480709110720 Problem created: for13
INFO 2025-12-18 18:13:13,749 import_abramyan_for 42309 140480709110720 Files attached: checkers, generator, solutions
INFO 2025-12-18 18:13:14,028 import_abramyan_for 42309 140480709110720 Connected problem into a BookProblem mmodel
INFO 2025-12-18 18:13:14,029 import_abramyan_for 42309 140480709110720 Successfully imported for13
INFO 2025-12-18 18:13:14,030 import_abramyan_for 42309 140480709110720 Problem created: for14
INFO 2025-12-18 18:13:14,031 import_abramyan_for 42309 140480709110720 Files attached: checkers, generator, solutions
INFO 2025-12-18 18:13:14,311 import_abramyan_for 42309 140480709110720 Connected problem into a BookProblem mmodel
INFO 2025-12-18 18:13:14,311 import_abramyan_for 42309 140480709110720 Successfully imported for14
INFO 2025-12-18 18:13:14,312 import_abramyan_for 42309 140480709110720 Problem created: for15
INFO 2025-12-18 18:13:14,313 import_abramyan_for 42309 140480709110720 Files attached: checkers, generator, solutions
INFO 2025-12-18 18:13:14,591 import_abramyan_for 42309 140480709110720 Connected problem into a BookProblem mmodel
INFO 2025-12-18 18:13:14,591 import_abramyan_for 42309 140480709110720 Successfully imported for15
INFO 2025-12-18 18:13:14,593 import_abramyan_for 42309 140480709110720 Problem created: for16
INFO 2025-12-18 18:13:14,593 import_abramyan_for 42309 140480709110720 Files attached: checkers, generator, solutions
INFO 2025-12-18 18:13:14,872 import_abramyan_for 42309 140480709110720 Connected problem into a BookProblem mmodel
INFO 2025-12-18 18:13:14,872 import_abramyan_for 42309 140480709110720 Successfully imported for16
INFO 2025-12-18 18:13:14,874 import_abramyan_for 42309 140480709110720 Problem created: for17
INFO 2025-12-18 18:13:14,875 import_abramyan_for 42309 140480709110720 Files attached: checkers, generator, solutions
INFO 2025-12-18 18:13:15,159 import_abramyan_for 42309 140480709110720 Connected problem into a BookProblem mmodel
INFO 2025-12-18 18:13:15,159 import_abramyan_for 42309 140480709110720 Successfully imported for17
INFO 2025-12-18 18:13:15,160 import_abramyan_for 42309 140480709110720 Problem created: for18
INFO 2025-12-18 18:13:15,161 import_abramyan_for 42309 140480709110720 Files attached: checkers, generator, solutions
INFO 2025-12-18 18:13:15,454 import_abramyan_for 42309 140480709110720 Connected problem into a BookProblem mmodel
INFO 2025-12-18 18:13:15,454 import_abramyan_for 42309 140480709110720 Successfully imported for18
INFO 2025-12-18 18:13:15,455 import_abramyan_for 42309 140480709110720 Problem created: for19
INFO 2025-12-18 18:13:15,456 import_abramyan_for 42309 140480709110720 Files attached: checkers, generator, solutions
INFO 2025-12-18 18:13:15,755 import_abramyan_for 42309 140480709110720 Connected problem into a BookProblem mmodel
INFO 2025-12-18 18:13:15,756 import_abramyan_for 42309 140480709110720 Successfully imported for19
INFO 2025-12-18 18:13:15,757 import_abramyan_for 42309 140480709110720 Problem created: for20
INFO 2025-12-18 18:13:15,759 import_abramyan_for 42309 140480709110720 Files attached: checkers, generator, solutions
INFO 2025-12-18 18:13:16,059 import_abramyan_for 42309 140480709110720 Connected problem into a BookProblem mmodel
INFO 2025-12-18 18:13:16,060 import_abramyan_for 42309 140480709110720 Successfully imported for20
INFO 2025-12-18 18:13:16,061 import_abramyan_for 42309 140480709110720 Problem created: for21
INFO 2025-12-18 18:13:16,061 import_abramyan_for 42309 140480709110720 Files attached: checkers, generator, solutions
INFO 2025-12-18 18:13:16,356 import_abramyan_for 42309 140480709110720 Connected problem into a BookProblem mmodel
INFO 2025-12-18 18:13:16,356 import_abramyan_for 42309 140480709110720 Successfully imported for21
INFO 2025-12-18 18:13:16,358 import_abramyan_for 42309 140480709110720 Problem created: for22
INFO 2025-12-18 18:13:16,359 import_abramyan_for 42309 140480709110720 Files attached: checkers, generator, solutions
INFO 2025-12-18 18:13:16,655 import_abramyan_for 42309 140480709110720 Connected problem into a BookProblem mmodel
INFO 2025-12-18 18:13:16,655 import_abramyan_for 42309 140480709110720 Successfully imported for22
INFO 2025-12-18 18:13:16,656 import_abramyan_for 42309 140480709110720 Problem created: for23
INFO 2025-12-18 18:13:16,656 import_abramyan_for 42309 140480709110720 Files attached: checkers, generator, solutions
INFO 2025-12-18 18:13:16,942 import_abramyan_for 42309 140480709110720 Connected problem into a BookProblem mmodel
INFO 2025-12-18 18:13:16,943 import_abramyan_for 42309 140480709110720 Successfully imported for23
INFO 2025-12-18 18:13:16,944 import_abramyan_for 42309 140480709110720 Problem created: for24
INFO 2025-12-18 18:13:16,945 import_abramyan_for 42309 140480709110720 Files attached: checkers, generator, solutions
INFO 2025-12-18 18:13:17,237 import_abramyan_for 42309 140480709110720 Connected problem into a BookProblem mmodel
INFO 2025-12-18 18:13:17,237 import_abramyan_for 42309 140480709110720 Successfully imported for24
INFO 2025-12-18 18:13:17,238 import_abramyan_for 42309 140480709110720 Problem created: for25
INFO 2025-12-18 18:13:17,239 import_abramyan_for 42309 140480709110720 Files attached: checkers, generator, solutions
INFO 2025-12-18 18:13:17,521 import_abramyan_for 42309 140480709110720 Connected problem into a BookProblem mmodel
INFO 2025-12-18 18:13:17,521 import_abramyan_for 42309 140480709110720 Successfully imported for25
INFO 2025-12-18 18:13:17,523 import_abramyan_for 42309 140480709110720 Problem created: for26
INFO 2025-12-18 18:13:17,523 import_abramyan_for 42309 140480709110720 Files attached: checkers, generator, solutions
INFO 2025-12-18 18:13:17,805 import_abramyan_for 42309 140480709110720 Connected problem into a BookProblem mmodel
INFO 2025-12-18 18:13:17,805 import_abramyan_for 42309 140480709110720 Successfully imported for26
INFO 2025-12-18 18:13:17,806 import_abramyan_for 42309 140480709110720 Problem created: for27
INFO 2025-12-18 18:13:17,807 import_abramyan_for 42309 140480709110720 Files attached: checkers, generator, solutions
INFO 2025-12-18 18:13:18,102 import_abramyan_for 42309 140480709110720 Connected problem into a BookProblem mmodel
INFO 2025-12-18 18:13:18,102 import_abramyan_for 42309 140480709110720 Successfully imported for27
INFO 2025-12-18 18:13:18,103 import_abramyan_for 42309 140480709110720 Problem created: for28
INFO 2025-12-18 18:13:18,104 import_abramyan_for 42309 140480709110720 Files attached: checkers, generator, solutions
INFO 2025-12-18 18:13:18,384 import_abramyan_for 42309 140480709110720 Connected problem into a BookProblem mmodel
INFO 2025-12-18 18:13:18,384 import_abramyan_for 42309 140480709110720 Successfully imported for28
INFO 2025-12-18 18:13:18,386 import_abramyan_for 42309 140480709110720 Problem created: for29
INFO 2025-12-18 18:13:18,386 import_abramyan_for 42309 140480709110720 Files attached: checkers, generator, solutions
INFO 2025-12-18 18:13:18,657 import_abramyan_for 42309 140480709110720 Connected problem into a BookProblem mmodel
INFO 2025-12-18 18:13:18,658 import_abramyan_for 42309 140480709110720 Successfully imported for29
INFO 2025-12-18 18:13:18,659 import_abramyan_for 42309 140480709110720 Problem created: for30
INFO 2025-12-18 18:13:18,660 import_abramyan_for 42309 140480709110720 Files attached: checkers, generator, solutions
INFO 2025-12-18 18:13:18,957 import_abramyan_for 42309 140480709110720 Connected problem into a BookProblem mmodel
INFO 2025-12-18 18:13:18,957 import_abramyan_for 42309 140480709110720 Successfully imported for30
INFO 2025-12-18 18:13:18,958 import_abramyan_for 42309 140480709110720 Problem created: for31
INFO 2025-12-18 18:13:18,959 import_abramyan_for 42309 140480709110720 Files attached: checkers, generator, solutions
INFO 2025-12-18 18:13:19,253 import_abramyan_for 42309 140480709110720 Connected problem into a BookProblem mmodel
INFO 2025-12-18 18:13:19,254 import_abramyan_for 42309 140480709110720 Successfully imported for31
INFO 2025-12-18 18:13:19,255 import_abramyan_for 42309 140480709110720 Problem created: for32
INFO 2025-12-18 18:13:19,255 import_abramyan_for 42309 140480709110720 Files attached: checkers, generator, solutions
INFO 2025-12-18 18:13:19,544 import_abramyan_for 42309 140480709110720 Connected problem into a BookProblem mmodel
INFO 2025-12-18 18:13:19,544 import_abramyan_for 42309 140480709110720 Successfully imported for32
INFO 2025-12-18 18:13:19,545 import_abramyan_for 42309 140480709110720 Problem created: for33
INFO 2025-12-18 18:13:19,546 import_abramyan_for 42309 140480709110720 Files attached: checkers, generator, solutions
INFO 2025-12-18 18:13:19,833 import_abramyan_for 42309 140480709110720 Connected problem into a BookProblem mmodel
INFO 2025-12-18 18:13:19,833 import_abramyan_for 42309 140480709110720 Successfully imported for33
INFO 2025-12-18 18:13:19,834 import_abramyan_for 42309 140480709110720 Problem created: for34
INFO 2025-12-18 18:13:19,835 import_abramyan_for 42309 140480709110720 Files attached: checkers, generator, solutions
INFO 2025-12-18 18:13:20,138 import_abramyan_for 42309 140480709110720 Connected problem into a BookProblem mmodel
INFO 2025-12-18 18:13:20,138 import_abramyan_for 42309 140480709110720 Successfully imported for34
INFO 2025-12-18 18:13:20,140 import_abramyan_for 42309 140480709110720 Problem created: for35
INFO 2025-12-18 18:13:20,141 import_abramyan_for 42309 140480709110720 Files attached: checkers, generator, solutions
INFO 2025-12-18 18:13:20,430 import_abramyan_for 42309 140480709110720 Connected problem into a BookProblem mmodel
INFO 2025-12-18 18:13:20,431 import_abramyan_for 42309 140480709110720 Successfully imported for35
INFO 2025-12-18 18:13:20,432 import_abramyan_for 42309 140480709110720 Problem created: for36
INFO 2025-12-18 18:13:20,433 import_abramyan_for 42309 140480709110720 Files attached: checkers, generator, solutions
INFO 2025-12-18 18:13:20,709 import_abramyan_for 42309 140480709110720 Connected problem into a BookProblem mmodel
INFO 2025-12-18 18:13:20,709 import_abramyan_for 42309 140480709110720 Successfully imported for36
INFO 2025-12-18 18:13:20,710 import_abramyan_for 42309 140480709110720 Problem created: for37
INFO 2025-12-18 18:13:20,711 import_abramyan_for 42309 140480709110720 Files attached: checkers, generator, solutions
INFO 2025-12-18 18:13:20,987 import_abramyan_for 42309 140480709110720 Connected problem into a BookProblem mmodel
INFO 2025-12-18 18:13:20,987 import_abramyan_for 42309 140480709110720 Successfully imported for37
INFO 2025-12-18 18:13:20,988 import_abramyan_for 42309 140480709110720 Problem created: for38
INFO 2025-12-18 18:13:20,989 import_abramyan_for 42309 140480709110720 Files attached: checkers, generator, solutions
INFO 2025-12-18 18:13:21,274 import_abramyan_for 42309 140480709110720 Connected problem into a BookProblem mmodel
INFO 2025-12-18 18:13:21,274 import_abramyan_for 42309 140480709110720 Successfully imported for38
INFO 2025-12-18 18:13:21,275 import_abramyan_for 42309 140480709110720 Problem created: for39
INFO 2025-12-18 18:13:21,276 import_abramyan_for 42309 140480709110720 Files attached: checkers, generator, solutions
INFO 2025-12-18 18:13:21,573 import_abramyan_for 42309 140480709110720 Connected problem into a BookProblem mmodel
INFO 2025-12-18 18:13:21,573 import_abramyan_for 42309 140480709110720 Successfully imported for39
INFO 2025-12-18 18:13:21,575 import_abramyan_for 42309 140480709110720 Problem created: for40
INFO 2025-12-18 18:13:21,576 import_abramyan_for 42309 140480709110720 Files attached: checkers, generator, solutions
INFO 2025-12-18 18:13:21,868 import_abramyan_for 42309 140480709110720 Connected problem into a BookProblem mmodel
INFO 2025-12-18 18:13:21,868 import_abramyan_for 42309 140480709110720 Successfully imported for40
INFO 2025-12-18 18:13:21,868 import_abramyan_for 42309 140480709110720 Created=40, Updated=0, Linked=40, Failed=0
INFO 2025-12-18 18:14:30,717 autoreload 39645 140313920912320 /home/anonsina/All/System/system/settings.py changed, reloading.
INFO 2025-12-18 18:14:30,717 autoreload 39645 140313920912320 /home/anonsina/All/System/system/settings.py changed, reloading.
INFO 2025-12-18 18:17:07,923 autoreload 44893 140130381630400 Watching for file changes with StatReloader
INFO 2025-12-18 18:17:07,923 autoreload 44893 140130381630400 Watching for file changes with StatReloader
WARNING 2025-12-18 18:17:23,210 log 44893 140130276865728 Not Found: /problems/while/while6/
WARNING 2025-12-18 18:17:23,210 log 44893 140130276865728 Not Found: /problems/while/while6/
WARNING 2025-12-18 18:17:23,211 basehttp 44893 140130276865728 "POST /problems/while/while6/ HTTP/1.1" 404 3533
WARNING 2025-12-18 18:17:23,211 basehttp 44893 140130276865728 "POST /problems/while/while6/ HTTP/1.1" 404 3533
WARNING 2025-12-18 18:17:23,438 log 44893 140130276865728 Not Found: /favicon.ico
WARNING 2025-12-18 18:17:23,438 log 44893 140130276865728 Not Found: /favicon.ico
WARNING 2025-12-18 18:17:23,439 basehttp 44893 140130276865728 "GET /favicon.ico HTTP/1.1" 404 3859
WARNING 2025-12-18 18:17:23,439 basehttp 44893 140130276865728 "GET /favicon.ico HTTP/1.1" 404 3859
INFO 2025-12-18 18:17:35,597 basehttp 44893 140130276865728 "GET /submissions/ HTTP/1.1" 200 5016
INFO 2025-12-18 18:17:35,597 basehttp 44893 140130276865728 "GET /submissions/ HTTP/1.1" 200 5016
INFO 2025-12-18 18:17:35,626 basehttp 44893 140130276865728 "GET /static/css/submissions.css HTTP/1.1" 304 0
INFO 2025-12-18 18:17:35,626 basehttp 44893 140130276865728 "GET /static/css/submissions.css HTTP/1.1" 304 0
INFO 2025-12-18 18:17:36,221 basehttp 44893 140130276865728 "GET /submissions/ HTTP/1.1" 200 5016
INFO 2025-12-18 18:17:36,221 basehttp 44893 140130276865728 "GET /submissions/ HTTP/1.1" 200 5016
INFO 2025-12-18 18:17:36,662 basehttp 44893 140130276865728 "GET /submissions/ HTTP/1.1" 200 5016
INFO 2025-12-18 18:17:36,662 basehttp 44893 140130276865728 "GET /submissions/ HTTP/1.1" 200 5016
INFO 2025-12-18 18:17:36,918 basehttp 44893 140130276865728 "GET /submissions/ HTTP/1.1" 200 5016
INFO 2025-12-18 18:17:36,918 basehttp 44893 140130276865728 "GET /submissions/ HTTP/1.1" 200 5016
INFO 2025-12-18 18:17:37,169 basehttp 44893 140130276865728 "GET /submissions/ HTTP/1.1" 200 5016
INFO 2025-12-18 18:17:37,169 basehttp 44893 140130276865728 "GET /submissions/ HTTP/1.1" 200 5016
INFO 2025-12-18 18:17:37,847 basehttp 44893 140130276865728 "GET /problems/ HTTP/1.1" 200 5019
INFO 2025-12-18 18:17:37,847 basehttp 44893 140130276865728 "GET /problems/ HTTP/1.1" 200 5019
INFO 2025-12-18 18:17:37,905 basehttp 44893 140130276865728 "GET /static/css/problems.css HTTP/1.1" 304 0
INFO 2025-12-18 18:17:37,905 basehttp 44893 140130276865728 "GET /static/css/problems.css HTTP/1.1" 304 0
INFO 2025-12-18 18:17:39,130 basehttp 44893 140130276865728 "GET /archive/ HTTP/1.1" 200 6535
INFO 2025-12-18 18:17:39,130 basehttp 44893 140130276865728 "GET /archive/ HTTP/1.1" 200 6535
INFO 2025-12-18 18:17:40,593 basehttp 44893 140130276865728 "GET /archive/section/while HTTP/1.1" 200 4462
INFO 2025-12-18 18:17:40,593 basehttp 44893 140130276865728 "GET /archive/section/while HTTP/1.1" 200 4462
INFO 2025-12-18 18:17:41,293 basehttp 44893 140130276865728 "GET /archive/section/while HTTP/1.1" 200 4462
INFO 2025-12-18 18:17:41,293 basehttp 44893 140130276865728 "GET /archive/section/while HTTP/1.1" 200 4462
INFO 2025-12-18 18:17:41,627 basehttp 44893 140130276865728 "GET /archive/section/while HTTP/1.1" 200 4462
INFO 2025-12-18 18:17:41,627 basehttp 44893 140130276865728 "GET /archive/section/while HTTP/1.1" 200 4462
INFO 2025-12-18 18:17:41,823 basehttp 44893 140130276865728 "GET /archive/section/while HTTP/1.1" 200 4462
INFO 2025-12-18 18:17:41,823 basehttp 44893 140130276865728 "GET /archive/section/while HTTP/1.1" 200 4462
INFO 2025-12-18 18:17:51,806 basehttp 44893 140130276865728 "GET /archive/section/for HTTP/1.1" 200 25313
INFO 2025-12-18 18:17:51,806 basehttp 44893 140130276865728 "GET /archive/section/for HTTP/1.1" 200 25313
INFO 2025-12-18 18:17:55,320 basehttp 44893 140130276865728 "GET /archive/section/while HTTP/1.1" 200 4462
INFO 2025-12-18 18:17:55,320 basehttp 44893 140130276865728 "GET /archive/section/while HTTP/1.1" 200 4462
INFO 2025-12-18 18:18:16,724 basehttp 44893 140130276865728 "GET /archive/section/while HTTP/1.1" 200 20395
INFO 2025-12-18 18:18:16,724 basehttp 44893 140130276865728 "GET /archive/section/while HTTP/1.1" 200 20395
INFO 2025-12-18 18:18:17,855 basehttp 44893 140130276865728 "GET /problems/while/while1/ HTTP/1.1" 200 10360
INFO 2025-12-18 18:18:17,855 basehttp 44893 140130276865728 "GET /problems/while/while1/ HTTP/1.1" 200 10360
INFO 2025-12-18 18:18:20,455 basehttp 44893 140130276865728 "POST /problems/while/while1/ HTTP/1.1" 302 0
INFO 2025-12-18 18:18:20,455 basehttp 44893 140130276865728 "POST /problems/while/while1/ HTTP/1.1" 302 0
INFO 2025-12-18 18:18:20,482 basehttp 44893 140130276865728 "GET /submissions/run/116 HTTP/1.1" 200 6464
INFO 2025-12-18 18:18:20,482 basehttp 44893 140130276865728 "GET /submissions/run/116 HTTP/1.1" 200 6464
INFO 2025-12-18 18:18:21,997 basehttp 44893 140130276865728 "GET /submissions/run/116 HTTP/1.1" 200 6464
INFO 2025-12-18 18:18:21,997 basehttp 44893 140130276865728 "GET /submissions/run/116 HTTP/1.1" 200 6464
INFO 2025-12-18 18:18:22,403 basehttp 44893 140130276865728 "GET /submissions/run/116 HTTP/1.1" 200 6464
INFO 2025-12-18 18:18:22,403 basehttp 44893 140130276865728 "GET /submissions/run/116 HTTP/1.1" 200 6464
INFO 2025-12-18 18:18:31,124 basehttp 44893 140130276865728 "GET /submissions/run/116 HTTP/1.1" 200 6464
INFO 2025-12-18 18:18:31,124 basehttp 44893 140130276865728 "GET /submissions/run/116 HTTP/1.1" 200 6464
INFO 2025-12-18 18:18:31,420 basehttp 44893 140130276865728 "GET /submissions/run/116 HTTP/1.1" 200 11072
INFO 2025-12-18 18:18:31,420 basehttp 44893 140130276865728 "GET /submissions/run/116 HTTP/1.1" 200 11072
INFO 2025-12-18 18:18:32,363 basehttp 44893 140130276865728 "GET /submissions/run/116 HTTP/1.1" 200 11072
INFO 2025-12-18 18:18:32,363 basehttp 44893 140130276865728 "GET /submissions/run/116 HTTP/1.1" 200 11072
INFO 2025-12-18 18:18:40,023 basehttp 44893 140130276865728 "GET /archive/ HTTP/1.1" 200 6536
INFO 2025-12-18 18:18:40,023 basehttp 44893 140130276865728 "GET /archive/ HTTP/1.1" 200 6536
INFO 2025-12-18 18:18:41,108 basehttp 44893 140130276865728 "GET /archive/section/while HTTP/1.1" 200 20396
INFO 2025-12-18 18:18:41,108 basehttp 44893 140130276865728 "GET /archive/section/while HTTP/1.1" 200 20396
INFO 2025-12-18 18:18:42,697 basehttp 44893 140130276865728 "GET /problems/while/while1/ HTTP/1.1" 200 10453
INFO 2025-12-18 18:18:42,697 basehttp 44893 140130276865728 "GET /problems/while/while1/ HTTP/1.1" 200 10453
INFO 2025-12-18 18:18:46,390 basehttp 44893 140130276865728 "GET /archive/ HTTP/1.1" 200 6536
INFO 2025-12-18 18:18:46,390 basehttp 44893 140130276865728 "GET /archive/ HTTP/1.1" 200 6536
INFO 2025-12-18 18:18:51,724 basehttp 44893 140130276865728 "GET /archive/section/series HTTP/1.1" 200 4464
INFO 2025-12-18 18:18:51,724 basehttp 44893 140130276865728 "GET /archive/section/series HTTP/1.1" 200 4464
INFO 2025-12-18 19:15:55,407 import_abramyan_series 76183 139662999829440 Importing Abramyan Series problems
INFO 2025-12-18 19:15:55,712 import_abramyan_series 76183 139662999829440 Imported series problem
INFO 2025-12-18 19:15:56,013 import_abramyan_series 76183 139662999829440 Imported series problem
INFO 2025-12-18 19:15:56,316 import_abramyan_series 76183 139662999829440 Imported series problem
INFO 2025-12-18 19:15:56,637 import_abramyan_series 76183 139662999829440 Imported series problem
INFO 2025-12-18 19:15:57,018 import_abramyan_series 76183 139662999829440 Imported series problem
INFO 2025-12-18 19:15:57,353 import_abramyan_series 76183 139662999829440 Imported series problem
INFO 2025-12-18 19:15:57,704 import_abramyan_series 76183 139662999829440 Imported series problem
INFO 2025-12-18 19:15:58,033 import_abramyan_series 76183 139662999829440 Imported series problem
INFO 2025-12-18 19:15:58,382 import_abramyan_series 76183 139662999829440 Imported series problem
INFO 2025-12-18 19:15:58,717 import_abramyan_series 76183 139662999829440 Imported series problem
INFO 2025-12-18 19:15:59,083 import_abramyan_series 76183 139662999829440 Imported series problem
INFO 2025-12-18 19:15:59,694 import_abramyan_series 76183 139662999829440 Imported series problem
INFO 2025-12-18 19:16:00,110 import_abramyan_series 76183 139662999829440 Imported series problem
INFO 2025-12-18 19:16:00,524 import_abramyan_series 76183 139662999829440 Imported series problem
INFO 2025-12-18 19:16:00,922 import_abramyan_series 76183 139662999829440 Imported series problem
INFO 2025-12-18 19:16:01,366 import_abramyan_series 76183 139662999829440 Imported series problem
INFO 2025-12-18 19:16:01,720 import_abramyan_series 76183 139662999829440 Imported series problem
INFO 2025-12-18 19:16:02,037 import_abramyan_series 76183 139662999829440 Imported series problem
INFO 2025-12-18 19:16:02,409 import_abramyan_series 76183 139662999829440 Imported series problem
INFO 2025-12-18 19:16:02,744 import_abramyan_series 76183 139662999829440 Imported series problem
INFO 2025-12-18 19:16:03,233 import_abramyan_series 76183 139662999829440 Imported series problem
INFO 2025-12-18 19:16:03,693 import_abramyan_series 76183 139662999829440 Imported series problem
INFO 2025-12-18 19:16:04,099 import_abramyan_series 76183 139662999829440 Imported series problem
INFO 2025-12-18 19:16:04,482 import_abramyan_series 76183 139662999829440 Imported series problem
INFO 2025-12-18 19:16:04,833 import_abramyan_series 76183 139662999829440 Imported series problem
INFO 2025-12-18 19:16:05,162 import_abramyan_series 76183 139662999829440 Imported series problem
INFO 2025-12-18 19:16:05,574 import_abramyan_series 76183 139662999829440 Imported series problem
INFO 2025-12-18 19:16:05,994 import_abramyan_series 76183 139662999829440 Imported series problem
INFO 2025-12-18 19:16:06,412 import_abramyan_series 76183 139662999829440 Imported series problem
INFO 2025-12-18 19:16:06,753 import_abramyan_series 76183 139662999829440 Imported series problem
INFO 2025-12-18 19:16:07,070 import_abramyan_series 76183 139662999829440 Imported series problem
INFO 2025-12-18 19:16:07,394 import_abramyan_series 76183 139662999829440 Imported series problem
INFO 2025-12-18 19:16:07,693 import_abramyan_series 76183 139662999829440 Imported series problem
INFO 2025-12-18 19:16:08,012 import_abramyan_series 76183 139662999829440 Imported series problem
INFO 2025-12-18 19:16:08,336 import_abramyan_series 76183 139662999829440 Imported series problem
INFO 2025-12-18 19:16:08,653 import_abramyan_series 76183 139662999829440 Imported series problem
INFO 2025-12-18 19:16:08,988 import_abramyan_series 76183 139662999829440 Imported series problem
INFO 2025-12-18 19:16:09,301 import_abramyan_series 76183 139662999829440 Imported series problem
INFO 2025-12-18 19:16:09,640 import_abramyan_series 76183 139662999829440 Imported series problem
INFO 2025-12-18 19:16:09,957 import_abramyan_series 76183 139662999829440 Imported series problem
INFO 2025-12-18 19:16:24,879 basehttp 44893 140130276865728 "GET /admin/problems/problem/ HTTP/1.1" 200 23893
INFO 2025-12-18 19:16:24,879 basehttp 44893 140130276865728 "GET /admin/problems/problem/ HTTP/1.1" 200 23893
INFO 2025-12-18 19:16:26,943 basehttp 44893 140130276865728 "GET /archive/ HTTP/1.1" 200 6536
INFO 2025-12-18 19:16:26,943 basehttp 44893 140130276865728 "GET /archive/ HTTP/1.1" 200 6536
INFO 2025-12-18 19:16:27,491 basehttp 44893 140130276865728 "GET /archive/ HTTP/1.1" 200 6536
INFO 2025-12-18 19:16:27,491 basehttp 44893 140130276865728 "GET /archive/ HTTP/1.1" 200 6536
INFO 2025-12-18 19:16:27,734 basehttp 44893 140130276865728 "GET /archive/ HTTP/1.1" 200 6536
INFO 2025-12-18 19:16:27,734 basehttp 44893 140130276865728 "GET /archive/ HTTP/1.1" 200 6536
INFO 2025-12-18 19:16:27,932 basehttp 44893 140130276865728 "GET /archive/ HTTP/1.1" 200 6536
INFO 2025-12-18 19:16:27,932 basehttp 44893 140130276865728 "GET /archive/ HTTP/1.1" 200 6536
INFO 2025-12-18 19:16:29,191 basehttp 44893 140130276865728 "GET /archive/section/while HTTP/1.1" 200 4463
INFO 2025-12-18 19:16:29,191 basehttp 44893 140130276865728 "GET /archive/section/while HTTP/1.1" 200 4463
INFO 2025-12-18 19:16:30,293 basehttp 44893 140130276865728 "GET /archive/section/while HTTP/1.1" 200 4463
INFO 2025-12-18 19:16:30,293 basehttp 44893 140130276865728 "GET /archive/section/while HTTP/1.1" 200 4463
INFO 2025-12-18 19:16:32,091 basehttp 44893 140130276865728 "GET /archive/section/for HTTP/1.1" 200 4461
INFO 2025-12-18 19:16:32,091 basehttp 44893 140130276865728 "GET /archive/section/for HTTP/1.1" 200 4461
INFO 2025-12-18 19:16:32,908 basehttp 44893 140130276865728 "GET /archive/section/for HTTP/1.1" 200 4461
INFO 2025-12-18 19:16:32,908 basehttp 44893 140130276865728 "GET /archive/section/for HTTP/1.1" 200 4461
INFO 2025-12-18 19:16:33,094 basehttp 44893 140130276865728 "GET /archive/section/for HTTP/1.1" 200 4461
INFO 2025-12-18 19:16:33,094 basehttp 44893 140130276865728 "GET /archive/section/for HTTP/1.1" 200 4461
INFO 2025-12-18 19:16:34,705 basehttp 44893 140130276865728 "GET /archive/section/series HTTP/1.1" 200 25917
INFO 2025-12-18 19:16:34,705 basehttp 44893 140130276865728 "GET /archive/section/series HTTP/1.1" 200 25917
INFO 2025-12-18 19:16:35,550 basehttp 44893 140130276865728 "GET /archive/section/series HTTP/1.1" 200 25917
INFO 2025-12-18 19:16:35,550 basehttp 44893 140130276865728 "GET /archive/section/series HTTP/1.1" 200 25917
INFO 2025-12-18 19:16:36,676 basehttp 44893 140130276865728 "GET /problems/series/series3/ HTTP/1.1" 200 11003
INFO 2025-12-18 19:16:36,676 basehttp 44893 140130276865728 "GET /problems/series/series3/ HTTP/1.1" 200 11003
INFO 2025-12-18 19:16:57,684 basehttp 44893 140130276865728 "POST /problems/series/series3/ HTTP/1.1" 302 0
INFO 2025-12-18 19:16:57,684 basehttp 44893 140130276865728 "POST /problems/series/series3/ HTTP/1.1" 302 0
INFO 2025-12-18 19:16:57,702 basehttp 44893 140130276865728 "GET /submissions/run/117 HTTP/1.1" 200 6330
INFO 2025-12-18 19:16:57,702 basehttp 44893 140130276865728 "GET /submissions/run/117 HTTP/1.1" 200 6330
INFO 2025-12-18 19:16:59,135 basehttp 44893 140130276865728 "GET /submissions/run/117 HTTP/1.1" 200 6330
INFO 2025-12-18 19:16:59,135 basehttp 44893 140130276865728 "GET /submissions/run/117 HTTP/1.1" 200 6330
INFO 2025-12-18 19:16:59,624 basehttp 44893 140130276865728 "GET /submissions/run/117 HTTP/1.1" 200 6330
INFO 2025-12-18 19:16:59,624 basehttp 44893 140130276865728 "GET /submissions/run/117 HTTP/1.1" 200 6330
INFO 2025-12-18 19:16:59,980 basehttp 44893 140130276865728 "GET /submissions/run/117 HTTP/1.1" 200 10937
INFO 2025-12-18 19:16:59,980 basehttp 44893 140130276865728 "GET /submissions/run/117 HTTP/1.1" 200 10937
INFO 2025-12-18 19:17:00,160 basehttp 44893 140130276865728 "GET /submissions/run/117 HTTP/1.1" 200 10937
INFO 2025-12-18 19:17:00,160 basehttp 44893 140130276865728 "GET /submissions/run/117 HTTP/1.1" 200 10937
INFO 2025-12-18 19:17:33,286 basehttp 44893 140130276865728 "GET /problems/series/series3/ HTTP/1.1" 200 11095
INFO 2025-12-18 19:17:33,286 basehttp 44893 140130276865728 "GET /problems/series/series3/ HTTP/1.1" 200 11095
INFO 2025-12-18 19:19:07,836 basehttp 44893 140130276865728 "GET /problems/ HTTP/1.1" 200 5092
INFO 2025-12-18 19:19:07,836 basehttp 44893 140130276865728 "GET /problems/ HTTP/1.1" 200 5092
INFO 2025-12-18 19:19:08,970 basehttp 44893 140130276865728 "GET /archive/ HTTP/1.1" 200 6536
INFO 2025-12-18 19:19:08,970 basehttp 44893 140130276865728 "GET /archive/ HTTP/1.1" 200 6536
INFO 2025-12-18 19:19:10,090 basehttp 44893 140130276865728 "GET /contests/ HTTP/1.1" 200 3276
INFO 2025-12-18 19:19:10,090 basehttp 44893 140130276865728 "GET /contests/ HTTP/1.1" 200 3276
INFO 2025-12-18 19:19:11,701 basehttp 44893 140130276865728 "GET /archive/ HTTP/1.1" 200 6536
INFO 2025-12-18 19:19:11,701 basehttp 44893 140130276865728 "GET /archive/ HTTP/1.1" 200 6536
INFO 2025-12-18 19:19:14,014 basehttp 44893 140130276865728 "GET /archive/section/for HTTP/1.1" 200 4461
INFO 2025-12-18 19:19:14,014 basehttp 44893 140130276865728 "GET /archive/section/for HTTP/1.1" 200 4461
INFO 2025-12-18 19:19:17,054 basehttp 44893 140130276865728 "GET /archive/ HTTP/1.1" 200 6536
INFO 2025-12-18 19:19:17,054 basehttp 44893 140130276865728 "GET /archive/ HTTP/1.1" 200 6536
INFO 2025-12-18 19:19:18,997 basehttp 44893 140130276865728 "GET /archive/section/while HTTP/1.1" 200 4463
INFO 2025-12-18 19:19:18,997 basehttp 44893 140130276865728 "GET /archive/section/while HTTP/1.1" 200 4463
INFO 2025-12-18 19:19:20,077 basehttp 44893 140130276865728 "GET /archive/ HTTP/1.1" 200 6536
INFO 2025-12-18 19:19:20,077 basehttp 44893 140130276865728 "GET /archive/ HTTP/1.1" 200 6536
INFO 2025-12-18 19:19:21,380 basehttp 44893 140130276865728 "GET /archive/section/for HTTP/1.1" 200 4461
INFO 2025-12-18 19:19:21,380 basehttp 44893 140130276865728 "GET /archive/section/for HTTP/1.1" 200 4461
INFO 2025-12-18 19:19:22,559 basehttp 44893 140130276865728 "GET /archive/ HTTP/1.1" 200 6536
INFO 2025-12-18 19:19:22,559 basehttp 44893 140130276865728 "GET /archive/ HTTP/1.1" 200 6536
INFO 2025-12-18 19:19:23,681 basehttp 44893 140130276865728 "GET /archive/section/series HTTP/1.1" 200 25917
INFO 2025-12-18 19:19:23,681 basehttp 44893 140130276865728 "GET /archive/section/series HTTP/1.1" 200 25917
INFO 2025-12-18 19:19:25,091 basehttp 44893 140130276865728 "GET /archive/ HTTP/1.1" 200 6536
INFO 2025-12-18 19:19:25,091 basehttp 44893 140130276865728 "GET /archive/ HTTP/1.1" 200 6536
INFO 2025-12-18 19:19:33,844 basehttp 44893 140130276865728 "GET /problems/ HTTP/1.1" 200 5092
INFO 2025-12-18 19:19:33,844 basehttp 44893 140130276865728 "GET /problems/ HTTP/1.1" 200 5092
INFO 2025-12-18 19:19:53,304 basehttp 44893 140130276865728 "GET /problems/ HTTP/1.1" 200 5092
INFO 2025-12-18 19:19:53,304 basehttp 44893 140130276865728 "GET /problems/ HTTP/1.1" 200 5092
INFO 2025-12-18 19:19:54,751 basehttp 44893 140130276865728 "GET /archive/ HTTP/1.1" 200 6536
INFO 2025-12-18 19:19:54,751 basehttp 44893 140130276865728 "GET /archive/ HTTP/1.1" 200 6536
INFO 2025-12-18 20:18:24,209 autoreload 117179 139741259426752 Watching for file changes with StatReloader
INFO 2025-12-18 20:18:24,209 autoreload 117179 139741259426752 Watching for file changes with StatReloader
INFO 2025-12-18 20:29:28,708 autoreload 117179 139741259426752 /home/anonsina/All/System/system/settings.py changed, reloading.
INFO 2025-12-18 20:29:28,708 autoreload 117179 139741259426752 /home/anonsina/All/System/system/settings.py changed, reloading.
INFO 2025-12-18 20:29:29,084 autoreload 121647 139772513356736 Watching for file changes with StatReloader
INFO 2025-12-18 20:29:29,084 autoreload 121647 139772513356736 Watching for file changes with StatReloader
2025-12-21 17:49:27,806 INFO django.utils.autoreload 9596 140257829485504 Watching for file changes with StatReloader
2025-12-21 17:49:31,360 INFO django.server 9596 140257722889920 "GET / HTTP/1.1" 200 5315
2025-12-21 17:49:31,424 INFO django.server 9596 140257714497216 "GET /static/css/base.css HTTP/1.1" 304 0
2025-12-21 17:49:31,425 INFO django.server 9596 140257706104512 "GET /static/css/home.css HTTP/1.1" 304 0
2025-12-21 17:49:31,444 INFO django.server 9596 140257722889920 "GET /static/images/logo.png HTTP/1.1" 200 3429829
2025-12-21 17:49:31,459 WARNING django.request 9596 140257714497216 Not Found: /media/avatars/avatar.jpg
2025-12-21 17:49:31,459 WARNING django.request 9596 140257697711808 Not Found: /media/avatars/avatar_Impe6kZ.jpg
2025-12-21 17:49:31,460 WARNING django.server 9596 140257697711808 "GET /media/avatars/avatar_Impe6kZ.jpg HTTP/1.1" 404 4142
2025-12-21 17:49:31,460 WARNING django.server 9596 140257714497216 "GET /media/avatars/avatar.jpg HTTP/1.1" 404 4110
2025-12-21 17:49:31,461 INFO django.server 9596 140257706104512 "GET /media/avatars/default_avatar.png HTTP/1.1" 200 95041
2025-12-21 17:49:32,400 WARNING django.request 9596 140257714497216 Not Found: /favicon.ico
2025-12-21 17:49:32,400 WARNING django.server 9596 140257714497216 "GET /favicon.ico HTTP/1.1" 404 3859
2025-12-21 17:49:39,131 INFO django.server 9596 140257714497216 "GET /problems/ HTTP/1.1" 200 5092
2025-12-21 17:49:39,217 INFO django.server 9596 140257714497216 "GET /static/css/problems.css HTTP/1.1" 304 0
2025-12-21 17:49:40,644 INFO django.server 9596 140257714497216 "GET /archive/ HTTP/1.1" 200 6536
2025-12-21 17:49:42,074 INFO django.server 9596 140257714497216 "GET /archive/section/while HTTP/1.1" 200 4463
2025-12-21 17:49:44,264 INFO django.server 9596 140257714497216 "GET /archive/section/for HTTP/1.1" 200 4461
2025-12-21 17:49:46,083 INFO django.server 9596 140257714497216 "GET /archive/section/series HTTP/1.1" 200 4464
2025-12-21 18:03:54,331 INFO django.utils.autoreload 21462 140516020423616 Watching for file changes with StatReloader
